<?xml version="1.0" encoding="UTF-8"?>
<testng-results ignored="0" total="1" passed="1" failed="0" skipped="0">
  <reporter-output>
  </reporter-output>
  <suite started-at="2021-07-26T14:58:10 IST" name="Suite" finished-at="2021-07-26T14:58:42 IST" duration-ms="32101">
    <groups>
    </groups>
    <test started-at="2021-07-26T14:58:10 IST" name="Test" finished-at="2021-07-26T14:58:42 IST" duration-ms="32101">
      <class name="Script.ToastMessage">
        <test-method is-config="true" signature="openApplication()[pri:0, instance:Script.ToastMessage@e1de817]" started-at="2021-07-26T14:58:10 IST" name="openApplication" finished-at="2021-07-26T14:58:35 IST" duration-ms="24760" status="PASS">
          <reporter-output>
          </reporter-output>
        </test-method> <!-- openApplication -->
        <test-method signature="verifytoast()[pri:0, instance:Script.ToastMessage@e1de817]" started-at="2021-07-26T14:58:35 IST" name="verifytoast" finished-at="2021-07-26T14:58:40 IST" duration-ms="5689" status="PASS">
          <reporter-output>
          </reporter-output>
        </test-method> <!-- verifytoast -->
        <test-method is-config="true" signature="closeApplication()[pri:0, instance:Script.ToastMessage@e1de817]" started-at="2021-07-26T14:58:40 IST" name="closeApplication" finished-at="2021-07-26T14:58:42 IST" duration-ms="1586" status="PASS">
          <reporter-output>
          </reporter-output>
        </test-method> <!-- closeApplication -->
      </class> <!-- Script.ToastMessage -->
    </test> <!-- Test -->
  </suite> <!-- Suite -->
</testng-results>
